0:	ORG $8000
1:	* PROGRAMA DOWNLOADER
2:
3:	*DECLARACION CONSTANTES
4:
5:
6:
7:
8:
9:
10:
11:
12:
13:
14:
15:
16:
17:
18:	*DECLARACION DE VARIABLES
19:
20:
21:
22:
23:
24:
25:
26:
27:
28:
29: INICIO
30:	8003  (8E00FF)		:	LDS #$00FF
31:	8005  (BD84)		:	JSR  SERIAL
32:
33:
34:	8008  (7F0001)		:	CLR $0001
35:	800B  (7F0002)		:	CLR $0002
36:	800E  (7F0003)		:	CLR $0003
37:	8011  (7F0004)		:	CLR $0004
38: CICLATE
39:	8013  (863F)		:	LDAA #$3f
40:	8016  (B70000)		:	STAA $0000
41: CICLO
42:	8019  (B60000)		:	LDAA $0000
43:	801B  (813F)		:	CMPA #$3f
44:	801D  (27FC)		:	BEQ CICLO
45:
46:	8020  (F60001)		:	LDAB $0001
47:	8022  (26EB)		:	BNE SIGUET
48: BORRA
49:	8025  (7F0001)		:	CLR $0001
50:	8028  (7F0002)		:	CLR $0002
51:	802B  (7F0003)		:	CLR $0003
52:	802E  (7F0004)		:	CLR $0004
53:
54:	8030  (8153)		:	CMPA #$53
55:	8032  (26E1)		:	BNE CICLATE
56:
57:	8034  (7EDF)		:	JMP  CICLATE
58:
59: SIGUET
60:	8037  (F60002)		:	LDAB $0002
61:	8039  (26F7)		:	BNE SIGUEA
62:	803B  (8154)		:	CMPA #$54
63:	803D  (26E8)		:	BNE BORRA
64:
65:	803F  (7ED4)		:	JMP  CICLATE
66:
67: SIGUEA
68:	8042  (F60003)		:	LDAB $0003
69:	8044  (26F7)		:	BNE SIGUER
70:	8046  (8141)		:	CMPA #$41
71:	8048  (26DD)		:	BNE BORRA
72:
73:	804A  (7EC9)		:	JMP  CICLATE
74:
75: SIGUER
76:	804D  (F60004)		:	LDAB $0004
77:	804F  (26F8)		:	BNE SIGUEF
78:	8051  (8152)		:	CMPA #$52
79:	8053  (26D2)		:	BNE BORRA
80:
81:	8055  (7EBE)		:	JMP  CICLATE
82:
83: SIGUEF
84:	8057  (8154)		:	CMPA #$54
85:	8059  (26CC)		:	BNE BORRA
86: EXITO
87:
88:	805C  (CE0030)		:	LDX #$0030
89:	805F  (7F0005)		:	CLR $0005
90: BORRA_A
91:	8062  (7F0006)		:	CLR $0006
92: LOOP
93:	8065  (B60005)		:	LDAA $0005
94:	8067  (27FE)		:	BEQ LOOP
95:
96:	806A  (7F0005)		:	CLR  $0005
97:	806D  (F60000)		:	LDAB $0000
98:	806F  (E700)		:	STAB $00,X
99:	8070  (08)		:	INX
100:	8072  (C141)		:	CMPB #$41
101:	8074  (26EE)		:	BNE BORRA_A
102:	8077  (7C0006)		:	INC  $0006
103:	807A  (B60006)		:	LDAA $0006
104:
105:	807C  (26E9)		:	BNE LOOP
106:	807E  (7E0030)		:	JMP  $0030
107:
108: SERIAL
109:
110:	8081  (CC302C)		:	LDD   #$302C  * CONFIGURA PUERTO SERIAL
111:
112:
113:	8083  (8600)		:	LDAA  #$00
114:
115:
116:	8085  (86FE)		:	LDAA  #$FE    * CONFIG PUERTO D COMO SALIDAS (EXCEPTO PD0)
117:
118:
119:
120:	8087  (8604)		:	LDAA  #$04
121:	808A  (B7103C)		:	STAA  $103C
122:
123:	808C  (8600)		:	LDAA  #$00
124:	808D  (06)		:	TAP
125:	808E  (39)		:	RTS
126:
127:
128:	***********************************
129:	* ATENCION A INTERRUPCION SERIAL
130:	***********************************
131:
132:
133:	8091  (B6102E)		:	LDAA $102E
134:	8094  (B6102F)		:	LDAA $102F
135:	8097  (B70000)		:	STAA $0000
136:	809A  (7A0005)		:	DEC  $0005
137:
138:	809B  (3B)		:	RTI
139:
140:	***********************************
141:	* VECTOR INTERRUPCION SERIAL
142:	***********************************
143:
144:
145:
146:
147:	***********************************
148:	*RESET
149:	***********************************
150:
151:
152:	***********************************
                                  SYMBOLTABLE                                   
INICIO
CICLATE
CICLO
BORRA
SIGUET
SIGUEA
SIGUER
SIGUEF
EXITO
BORRA_A
LOOP
SERIAL
                                    ERRORES                                     
010   NO SE ENCUENTRA END
009   INSTRUCCION CARECE DE ALMENOS UN ESPACIO RELATIVO AL MARGEN - Error en linea:151
004   MNEMONICO INEXISTENTE - Error en linea:28
004   MNEMONICO INEXISTENTE - Error en linea:131
004   MNEMONICO INEXISTENTE - Error en linea:143
006   INSTRUCCION NO LLEVA OPERANDO(S) - Error en linea:144
004   MNEMONICO INEXISTENTE - Error en linea:150
